<?xml version="1.0" encoding="UTF-8"?>
<testng-results ignored="0" total="1" passed="1" failed="0" skipped="0">
  <reporter-output>
  </reporter-output>
  <suite started-at="2024-03-19T12:09:35 IST" name="Default suite" finished-at="2024-03-19T12:09:35 IST" duration-ms="144">
    <groups>
    </groups>
    <test started-at="2024-03-19T12:09:35 IST" name="Default test" finished-at="2024-03-19T12:09:35 IST" duration-ms="144">
      <class name="finalEval.Price">
        <test-method signature="run()[pri:0, instance:finalEval.Price@16d04d3d]" started-at="2024-03-19T12:09:35 IST" name="run" finished-at="2024-03-19T12:09:35 IST" duration-ms="23" status="PASS">
          <reporter-output>
          </reporter-output>
        </test-method> <!-- run -->
      </class> <!-- finalEval.Price -->
    </test> <!-- Default test -->
  </suite> <!-- Default suite -->
</testng-results>
