<?xml version="1.0" encoding="UTF-8"?>
<testng-results ignored="0" total="3" passed="3" failed="0" skipped="0">
  <reporter-output>
  </reporter-output>
  <suite started-at="2024-03-15T14:46:45 IST" name="Suite" finished-at="2024-03-15T14:50:26 IST" duration-ms="220591">
    <groups>
    </groups>
    <test started-at="2024-03-15T14:46:45 IST" name="Test" finished-at="2024-03-15T14:50:26 IST" duration-ms="220591">
      <class name="casProject.MyTest">
        <test-method is-config="true" signature="setup()[pri:0, instance:casProject.MyTest@55182842]" started-at="2024-03-15T14:46:46 IST" name="setup" finished-at="2024-03-15T14:46:55 IST" duration-ms="8547" status="PASS">
          <reporter-output>
          </reporter-output>
        </test-method> <!-- setup -->
        <test-method signature="beCognizant()[pri:1, instance:casProject.MyTest@55182842]" started-at="2024-03-15T14:46:55 IST" name="beCognizant" finished-at="2024-03-15T14:47:06 IST" duration-ms="11156" status="PASS">
          <reporter-output>
          </reporter-output>
        </test-method> <!-- beCognizant -->
        <test-method signature="oneCognizant()[pri:2, instance:casProject.MyTest@55182842]" started-at="2024-03-15T14:47:06 IST" name="oneCognizant" finished-at="2024-03-15T14:47:16 IST" duration-ms="9695" status="PASS">
          <reporter-output>
          </reporter-output>
        </test-method> <!-- oneCognizant -->
        <test-method signature="timesheet()[pri:3, instance:casProject.MyTest@55182842]" started-at="2024-03-15T14:47:16 IST" name="timesheet" finished-at="2024-03-15T14:50:19 IST" duration-ms="182928" status="PASS">
          <reporter-output>
          </reporter-output>
        </test-method> <!-- timesheet -->
        <test-method is-config="true" signature="end()[pri:0, instance:casProject.MyTest@55182842]" started-at="2024-03-15T14:50:19 IST" name="end" finished-at="2024-03-15T14:50:26 IST" duration-ms="7361" status="PASS">
          <reporter-output>
          </reporter-output>
        </test-method> <!-- end -->
      </class> <!-- casProject.MyTest -->
    </test> <!-- Test -->
  </suite> <!-- Suite -->
</testng-results>
