<?xml version="1.0" encoding="UTF-8"?>
<!-- Generated by org.testng.reporters.JUnitXMLReporter -->
<testsuite ignored="0" hostname="LTIN216042" failures="0" tests="3" name="ChromeTest" time="170.588" errors="0" timestamp="2024-03-26T16:18:24 IST">
  <testcase classname="testCases.TC_001_UpcomingBikes" name="verifyUpcomingBikes" time="22.287"/>
  <testcase classname="testCases.TC_002_UsedCars" name="verifyUsedCars" time="10.424"/>
  <testcase classname="testCases.TC_003_LoginTest" name="verifyLogin" time="14.577"/>
</testsuite> <!-- ChromeTest -->
