<?xml version="1.0" encoding="UTF-8"?>
<!-- Generated by org.testng.reporters.JUnitXMLReporter -->
<testsuite ignored="0" hostname="LTIN216042" failures="0" tests="3" name="Test" time="98.599" errors="0" timestamp="2024-03-20T09:41:00 IST">
  <testcase classname="testCases.TC_001_UpcomingBikes" name="verifyUpcomingBikes" time="20.286"/>
  <testcase classname="testCases.TC_002_UsedCars" name="verifyUsedCars" time="9.811"/>
  <testcase classname="testCases.TC_003_LoginTest" name="verifyLogin" time="6.59"/>
</testsuite> <!-- Test -->
