<?xml version="1.0" encoding="UTF-8"?>
<!-- Generated by org.testng.reporters.JUnitXMLReporter -->
<testsuite ignored="6" hostname="LTIN216042" failures="0" tests="3" name="my test" time="0.192" errors="0" timestamp="2024-03-01T14:56:57 IST">
  <testcase classname="dataProvidersAndGrouping.Grouping" name="loginbyfacebook" time="0.03"/>
  <testcase classname="dataProvidersAndGrouping.Grouping" name="loginbytwitter" time="0.003"/>
  <testcase classname="dataProvidersAndGrouping.Grouping" name="payinrupees" time="0.003"/>
  <testcase classname="dataProvidersAndGrouping.Grouping" name="signupbyfacebook" time="0.0">
    <ignored/>
  </testcase> <!-- signupbyfacebook -->
  <testcase classname="dataProvidersAndGrouping.Grouping" name="signupbyemail" time="0.0">
    <ignored/>
  </testcase> <!-- signupbyemail -->
  <testcase classname="dataProvidersAndGrouping.Grouping" name="signupbytwitter" time="0.0">
    <ignored/>
  </testcase> <!-- signupbytwitter -->
  <testcase classname="dataProvidersAndGrouping.Grouping" name="payineuro" time="0.0">
    <ignored/>
  </testcase> <!-- payineuro -->
  <testcase classname="dataProvidersAndGrouping.Grouping" name="payindollar" time="0.0">
    <ignored/>
  </testcase> <!-- payindollar -->
  <testcase classname="dataProvidersAndGrouping.Grouping" name="loginbyemail" time="0.0">
    <ignored/>
  </testcase> <!-- loginbyemail -->
</testsuite> <!-- my test -->
